<?xml version="1.0" encoding="UTF-8"?>
<!-- Generated by org.testng.reporters.JUnitReportReporter -->
<testsuite hostname="DESKTOP-FDK8A70" failures="0" tests="1" name="dannyAppiumCourse.AppiumBasics" time="0.006" errors="0" timestamp="2025-01-25T22:53:07 JST" skipped="0">
  <testcase classname="dannyAppiumCourse.AppiumBasics" name="AppiumTest" time="0.006"/>
</testsuite> <!-- dannyAppiumCourse.AppiumBasics -->
